  SR_simulator.c
d:\동국대학교 2020 1학기\컴퓨터 네트워킹\program_assignmnet3(2016112106_김태용)\program_assignmnet3(2016112106_김태용)\sr_simulator.c(277): warning C4013: 'A_output'이(가) 정의되지 않았습니다. extern은 int형을 반환하는 것으로 간주합니다.
d:\동국대학교 2020 1학기\컴퓨터 네트워킹\program_assignmnet3(2016112106_김태용)\program_assignmnet3(2016112106_김태용)\sr_simulator.c(307): warning C4033: 'A_output'은(는) 값을 반환해야 합니다.
d:\동국대학교 2020 1학기\컴퓨터 네트워킹\program_assignmnet3(2016112106_김태용)\program_assignmnet3(2016112106_김태용)\sr_simulator.c(324): warning C4033: 'A_output'은(는) 값을 반환해야 합니다.
d:\동국대학교 2020 1학기\컴퓨터 네트워킹\program_assignmnet3(2016112106_김태용)\program_assignmnet3(2016112106_김태용)\sr_simulator.c(347): warning C4244: '=': 'double'에서 'float'(으)로 변환하면서 데이터가 손실될 수 있습니다.
d:\동국대학교 2020 1학기\컴퓨터 네트워킹\program_assignmnet3(2016112106_김태용)\program_assignmnet3(2016112106_김태용)\sr_simulator.c(350): warning C4013: 'tolayer3'이(가) 정의되지 않았습니다. extern은 int형을 반환하는 것으로 간주합니다.
d:\동국대학교 2020 1학기\컴퓨터 네트워킹\program_assignmnet3(2016112106_김태용)\program_assignmnet3(2016112106_김태용)\sr_simulator.c(378): warning C4033: 'A_input'은(는) 값을 반환해야 합니다.
d:\동국대학교 2020 1학기\컴퓨터 네트워킹\program_assignmnet3(2016112106_김태용)\program_assignmnet3(2016112106_김태용)\sr_simulator.c(385): warning C4033: 'A_input'은(는) 값을 반환해야 합니다.
d:\동국대학교 2020 1학기\컴퓨터 네트워킹\program_assignmnet3(2016112106_김태용)\program_assignmnet3(2016112106_김태용)\sr_simulator.c(392): warning C4033: 'A_input'은(는) 값을 반환해야 합니다.
d:\동국대학교 2020 1학기\컴퓨터 네트워킹\program_assignmnet3(2016112106_김태용)\program_assignmnet3(2016112106_김태용)\sr_simulator.c(420): warning C4244: '=': 'double'에서 'float'(으)로 변환하면서 데이터가 손실될 수 있습니다.
d:\동국대학교 2020 1학기\컴퓨터 네트워킹\program_assignmnet3(2016112106_김태용)\program_assignmnet3(2016112106_김태용)\sr_simulator.c(426): warning C4013: 'starttimer'이(가) 정의되지 않았습니다. extern은 int형을 반환하는 것으로 간주합니다.
d:\동국대학교 2020 1학기\컴퓨터 네트워킹\program_assignmnet3(2016112106_김태용)\program_assignmnet3(2016112106_김태용)\sr_simulator.c(455): warning C4013: 'tolayer5'이(가) 정의되지 않았습니다. extern은 int형을 반환하는 것으로 간주합니다.
d:\동국대학교 2020 1학기\컴퓨터 네트워킹\program_assignmnet3(2016112106_김태용)\program_assignmnet3(2016112106_김태용)\sr_simulator.c(479): warning C4033: 'B_input'은(는) 값을 반환해야 합니다.
d:\동국대학교 2020 1학기\컴퓨터 네트워킹\program_assignmnet3(2016112106_김태용)\program_assignmnet3(2016112106_김태용)\sr_simulator.c(486): warning C4033: 'B_input'은(는) 값을 반환해야 합니다.
d:\동국대학교 2020 1학기\컴퓨터 네트워킹\program_assignmnet3(2016112106_김태용)\program_assignmnet3(2016112106_김태용)\sr_simulator.c(501): warning C4033: 'B_input'은(는) 값을 반환해야 합니다.
d:\동국대학교 2020 1학기\컴퓨터 네트워킹\program_assignmnet3(2016112106_김태용)\program_assignmnet3(2016112106_김태용)\sr_simulator.c(590): warning C4013: 'init'이(가) 정의되지 않았습니다. extern은 int형을 반환하는 것으로 간주합니다.
d:\동국대학교 2020 1학기\컴퓨터 네트워킹\program_assignmnet3(2016112106_김태용)\program_assignmnet3(2016112106_김태용)\sr_simulator.c(616): warning C4013: 'generate_next_arrival'이(가) 정의되지 않았습니다. extern은 int형을 반환하는 것으로 간주합니다.
d:\동국대학교 2020 1학기\컴퓨터 네트워킹\program_assignmnet3(2016112106_김태용)\program_assignmnet3(2016112106_김태용)\sr_simulator.c(588): warning C4101: 'c' :참조되지 않은 지역 변수입니다.
d:\동국대학교 2020 1학기\컴퓨터 네트워킹\program_assignmnet3(2016112106_김태용)\program_assignmnet3(2016112106_김태용)\sr_simulator.c(695): warning C4244: '=': 'double'에서 'float'(으)로 변환하면서 데이터가 손실될 수 있습니다.
d:\동국대학교 2020 1학기\컴퓨터 네트워킹\program_assignmnet3(2016112106_김태용)\program_assignmnet3(2016112106_김태용)\sr_simulator.c(720): warning C4244: '=': 'double'에서 'float'(으)로 변환하면서 데이터가 손실될 수 있습니다.
d:\동국대학교 2020 1학기\컴퓨터 네트워킹\program_assignmnet3(2016112106_김태용)\program_assignmnet3(2016112106_김태용)\sr_simulator.c(732): warning C4142: 'malloc': 형식이 재정의되었지만 심각하지는 않습니다.
  c:\program files (x86)\windows kits\10\include\10.0.17763.0\ucrt\corecrt_malloc.h(97): note: 'malloc' 선언을 참조하십시오.
d:\동국대학교 2020 1학기\컴퓨터 네트워킹\program_assignmnet3(2016112106_김태용)\program_assignmnet3(2016112106_김태용)\sr_simulator.c(742): warning C4244: '=': 'double'에서 'float'(으)로 변환하면서 데이터가 손실될 수 있습니다.
d:\동국대학교 2020 1학기\컴퓨터 네트워킹\program_assignmnet3(2016112106_김태용)\program_assignmnet3(2016112106_김태용)\sr_simulator.c(748): warning C4013: 'insertevent'이(가) 정의되지 않았습니다. extern은 int형을 반환하는 것으로 간주합니다.
d:\동국대학교 2020 1학기\컴퓨터 네트워킹\program_assignmnet3(2016112106_김태용)\program_assignmnet3(2016112106_김태용)\sr_simulator.c(734): warning C4101: 'tempint' :참조되지 않은 지역 변수입니다.
d:\동국대학교 2020 1학기\컴퓨터 네트워킹\program_assignmnet3(2016112106_김태용)\program_assignmnet3(2016112106_김태용)\sr_simulator.c(733): warning C4101: 'ttime' :참조되지 않은 지역 변수입니다.
d:\동국대학교 2020 1학기\컴퓨터 네트워킹\program_assignmnet3(2016112106_김태용)\program_assignmnet3(2016112106_김태용)\sr_simulator.c(793): warning C4101: 'i' :참조되지 않은 지역 변수입니다.
d:\동국대학교 2020 1학기\컴퓨터 네트워킹\program_assignmnet3(2016112106_김태용)\program_assignmnet3(2016112106_김태용)\sr_simulator.c(830): warning C4033: 'stoptimer'은(는) 값을 반환해야 합니다.
d:\동국대학교 2020 1학기\컴퓨터 네트워킹\program_assignmnet3(2016112106_김태용)\program_assignmnet3(2016112106_김태용)\sr_simulator.c(809): warning C4101: 'qold' :참조되지 않은 지역 변수입니다.
d:\동국대학교 2020 1학기\컴퓨터 네트워킹\program_assignmnet3(2016112106_김태용)\program_assignmnet3(2016112106_김태용)\sr_simulator.c(843): warning C4142: 'malloc': 형식이 재정의되었지만 심각하지는 않습니다.
  c:\program files (x86)\windows kits\10\include\10.0.17763.0\ucrt\corecrt_malloc.h(97): note: 'malloc' 선언을 참조하십시오.
d:\동국대학교 2020 1학기\컴퓨터 네트워킹\program_assignmnet3(2016112106_김태용)\program_assignmnet3(2016112106_김태용)\sr_simulator.c(852): warning C4033: 'starttimer'은(는) 값을 반환해야 합니다.
d:\동국대학교 2020 1학기\컴퓨터 네트워킹\program_assignmnet3(2016112106_김태용)\program_assignmnet3(2016112106_김태용)\sr_simulator.c(857): warning C4244: '=': 'double'에서 'float'(으)로 변환하면서 데이터가 손실될 수 있습니다.
d:\동국대학교 2020 1학기\컴퓨터 네트워킹\program_assignmnet3(2016112106_김태용)\program_assignmnet3(2016112106_김태용)\sr_simulator.c(871): warning C4142: 'malloc': 형식이 재정의되었지만 심각하지는 않습니다.
  c:\program files (x86)\windows kits\10\include\10.0.17763.0\ucrt\corecrt_malloc.h(97): note: 'malloc' 선언을 참조하십시오.
d:\동국대학교 2020 1학기\컴퓨터 네트워킹\program_assignmnet3(2016112106_김태용)\program_assignmnet3(2016112106_김태용)\sr_simulator.c(883): warning C4033: 'tolayer3'은(는) 값을 반환해야 합니다.
d:\동국대학교 2020 1학기\컴퓨터 네트워킹\program_assignmnet3(2016112106_김태용)\program_assignmnet3(2016112106_김태용)\sr_simulator.c(709): warning C4715: 'init': 모든 제어 경로에서 값을 반환하지는 않습니다.
d:\동국대학교 2020 1학기\컴퓨터 네트워킹\program_assignmnet3(2016112106_김태용)\program_assignmnet3(2016112106_김태용)\sr_simulator.c(358): warning C4715: 'A_output': 모든 제어 경로에서 값을 반환하지는 않습니다.
d:\동국대학교 2020 1학기\컴퓨터 네트워킹\program_assignmnet3(2016112106_김태용)\program_assignmnet3(2016112106_김태용)\sr_simulator.c(788): warning C4716: 'insertevent': 값을 반환해야 합니다.
d:\동국대학교 2020 1학기\컴퓨터 네트워킹\program_assignmnet3(2016112106_김태용)\program_assignmnet3(2016112106_김태용)\sr_simulator.c(749): warning C4716: 'generate_next_arrival': 값을 반환해야 합니다.
d:\동국대학교 2020 1학기\컴퓨터 네트워킹\program_assignmnet3(2016112106_김태용)\program_assignmnet3(2016112106_김태용)\sr_simulator.c(861): warning C4716: 'starttimer': 값을 반환해야 합니다.
d:\동국대학교 2020 1학기\컴퓨터 네트워킹\program_assignmnet3(2016112106_김태용)\program_assignmnet3(2016112106_김태용)\sr_simulator.c(950): warning C4716: 'tolayer5': 값을 반환해야 합니다.
d:\동국대학교 2020 1학기\컴퓨터 네트워킹\program_assignmnet3(2016112106_김태용)\program_assignmnet3(2016112106_김태용)\sr_simulator.c(936): warning C4716: 'tolayer3': 값을 반환해야 합니다.
  Program_assignmnet3(2016112106_김태용).vcxproj -> D:\동국대학교 2020 1학기\컴퓨터 네트워킹\Program_assignmnet3(2016112106_김태용)\Debug\Program_assignmnet3(2016112106_김태용).exe
